0 info it worked if it ends with ok
1 verbose cli [ 'node', '/usr/local/bin/npm', 'install' ]
2 info using npm@2.11.3
3 info using node@v0.12.2
4 verbose node symlink /usr/local/bin/node
5 verbose readDependencies loading dependencies from /Users/nwinkelb/Web/D3-Leaflet/package.json
6 warn package.json map@0.1.0 No repository field.
7 warn package.json map@0.1.0 No license field.
8 verbose install where, deps [ '/Users/nwinkelb/Web/D3-Leaflet',
8 verbose install   [ 'grunt',
8 verbose install     'grunt-contrib-watch',
8 verbose install     'grunt-contrib-less',
8 verbose install     'grunt-notify',
8 verbose install     'clean-css' ] ]
9 verbose install where, peers [ '/Users/nwinkelb/Web/D3-Leaflet', [] ]
10 verbose installManyTop reading for lifecycle /Users/nwinkelb/Web/D3-Leaflet/package.json
11 info preinstall map@0.1.0
12 verbose installManyTop reading scoped package data from /Users/nwinkelb/Web/D3-Leaflet/node_modules/clean-css/package.json
13 verbose installManyTop reading scoped package data from /Users/nwinkelb/Web/D3-Leaflet/node_modules/grunt/package.json
14 verbose installManyTop reading scoped package data from /Users/nwinkelb/Web/D3-Leaflet/node_modules/grunt-contrib-less/package.json
15 verbose installManyTop reading scoped package data from /Users/nwinkelb/Web/D3-Leaflet/node_modules/grunt-contrib-watch/package.json
16 verbose installManyTop reading scoped package data from /Users/nwinkelb/Web/D3-Leaflet/node_modules/grunt-notify/package.json
17 info package.json grunt-contrib-less@0.11.4 No license field.
18 info package.json grunt-notify@0.3.1 No license field.
19 verbose readDependencies loading dependencies from /Users/nwinkelb/Web/D3-Leaflet/package.json
20 verbose targetResolver reading package data from /Users/nwinkelb/Web/D3-Leaflet/node_modules/clean-css/package.json
21 verbose targetResolver reading package data from /Users/nwinkelb/Web/D3-Leaflet/node_modules/grunt/package.json
22 verbose targetResolver reading package data from /Users/nwinkelb/Web/D3-Leaflet/node_modules/grunt-contrib-less/package.json
23 verbose targetResolver reading package data from /Users/nwinkelb/Web/D3-Leaflet/node_modules/grunt-contrib-watch/package.json
24 verbose targetResolver reading package data from /Users/nwinkelb/Web/D3-Leaflet/node_modules/grunt-notify/package.json
25 verbose targetResolver reading package data from /Users/nwinkelb/Web/D3-Leaflet/node_modules/.bin/cleancss/package.json
26 verbose targetResolver reading package data from /Users/nwinkelb/Web/D3-Leaflet/node_modules/.bin/grunt/package.json
27 verbose already installed skipping grunt-contrib-less@~0.11.3 /Users/nwinkelb/Web/D3-Leaflet
28 verbose already installed skipping grunt-notify@~0.3.0 /Users/nwinkelb/Web/D3-Leaflet
29 verbose already installed skipping clean-css@~2.2.7 /Users/nwinkelb/Web/D3-Leaflet
30 verbose already installed skipping grunt@* /Users/nwinkelb/Web/D3-Leaflet
31 verbose already installed skipping grunt-contrib-watch@* /Users/nwinkelb/Web/D3-Leaflet
32 silly install resolved []
33 info build /Users/nwinkelb/Web/D3-Leaflet
34 info linkStuff map@0.1.0
35 silly linkStuff map@0.1.0 has /Users/nwinkelb/Web as its parent node_modules
36 verbose linkBins map@0.1.0
37 verbose linkMans map@0.1.0
38 verbose rebuildBundles map@0.1.0
39 verbose rebuildBundles [ '.bin',
39 verbose rebuildBundles   'clean-css',
39 verbose rebuildBundles   'grunt',
39 verbose rebuildBundles   'grunt-contrib-less',
39 verbose rebuildBundles   'grunt-contrib-watch',
39 verbose rebuildBundles   'grunt-notify' ]
40 info install map@0.1.0
41 info postinstall map@0.1.0
42 info prepublish map@0.1.0
43 verbose validateInstall loading /Users/nwinkelb/Web/D3-Leaflet/package.json for validation
44 verbose stack Error: The package grunt does not satisfy its siblings' peerDependencies requirements!
44 verbose stack     at /usr/local/lib/node_modules/npm/lib/install.js:125:32
44 verbose stack     at /usr/local/lib/node_modules/npm/lib/install.js:267:7
44 verbose stack     at /usr/local/lib/node_modules/npm/node_modules/read-installed/read-installed.js:138:5
44 verbose stack     at /usr/local/lib/node_modules/npm/node_modules/read-installed/read-installed.js:251:14
44 verbose stack     at cb (/usr/local/lib/node_modules/npm/node_modules/slide/lib/async-map.js:47:24)
44 verbose stack     at /usr/local/lib/node_modules/npm/node_modules/read-installed/read-installed.js:251:14
44 verbose stack     at cb (/usr/local/lib/node_modules/npm/node_modules/slide/lib/async-map.js:47:24)
44 verbose stack     at /usr/local/lib/node_modules/npm/node_modules/read-installed/read-installed.js:251:14
44 verbose stack     at cb (/usr/local/lib/node_modules/npm/node_modules/slide/lib/async-map.js:47:24)
44 verbose stack     at /usr/local/lib/node_modules/npm/node_modules/read-installed/read-installed.js:251:14
45 verbose cwd /Users/nwinkelb/Web/D3-Leaflet
46 error Darwin 14.3.0
47 error argv "node" "/usr/local/bin/npm" "install"
48 error node v0.12.2
49 error npm  v2.11.3
50 error code EPEERINVALID
51 error peerinvalid The package grunt does not satisfy its siblings' peerDependencies requirements!
51 error peerinvalid Peer grunt-notify@0.3.1 wants grunt@~0.4.1
51 error peerinvalid Peer grunt-contrib-less@0.11.4 wants grunt@~0.4.0
52 verbose exit [ 1, true ]
